2019-02-17 00:20:53.566  WARN 51123 --- [HikariPool-1 housekeeper] com.zaxxer.hikari.pool.HikariPool        : HikariPool-1 - Thread starvation or clock leap detected (housekeeper delta=1h59m30s826ms).
2019-02-17 01:05:43.416  WARN 51123 --- [HikariPool-1 housekeeper] com.zaxxer.hikari.pool.HikariPool        : HikariPool-1 - Thread starvation or clock leap detected (housekeeper delta=44m49s850ms).
2019-02-17 01:30:32.488  WARN 51123 --- [HikariPool-1 housekeeper] com.zaxxer.hikari.pool.HikariPool        : HikariPool-1 - Thread starvation or clock leap detected (housekeeper delta=24m49s58ms).
2019-02-17 02:19:01.857  WARN 51123 --- [HikariPool-1 housekeeper] com.zaxxer.hikari.pool.HikariPool        : HikariPool-1 - Thread starvation or clock leap detected (housekeeper delta=47m28s824ms).
2019-02-17 02:56:59.306  WARN 51123 --- [HikariPool-1 housekeeper] com.zaxxer.hikari.pool.HikariPool        : HikariPool-1 - Thread starvation or clock leap detected (housekeeper delta=37m27s445ms).
2019-02-17 02:57:59.544  WARN 51123 --- [HikariPool-1 housekeeper] com.zaxxer.hikari.pool.HikariPool        : HikariPool-1 - Retrograde clock change detected (housekeeper delta=29s854ms), soft-evicting connections from pool.
2019-02-17 03:23:37.446  WARN 51123 --- [HikariPool-1 housekeeper] com.zaxxer.hikari.pool.HikariPool        : HikariPool-1 - Thread starvation or clock leap detected (housekeeper delta=25m7s786ms).
2019-02-17 03:54:07.253  WARN 51123 --- [HikariPool-1 housekeeper] com.zaxxer.hikari.pool.HikariPool        : HikariPool-1 - Thread starvation or clock leap detected (housekeeper delta=30m29s801ms).
2019-02-17 04:56:44.960  WARN 51123 --- [HikariPool-1 housekeeper] com.zaxxer.hikari.pool.HikariPool        : HikariPool-1 - Thread starvation or clock leap detected (housekeeper delta=1h1m7s786ms).
2019-02-17 05:23:10.228  WARN 51123 --- [HikariPool-1 housekeeper] com.zaxxer.hikari.pool.HikariPool        : HikariPool-1 - Thread starvation or clock leap detected (housekeeper delta=26m25s264ms).
2019-02-17 06:50:22.893  WARN 51123 --- [HikariPool-1 housekeeper] com.zaxxer.hikari.pool.HikariPool        : HikariPool-1 - Thread starvation or clock leap detected (housekeeper delta=1h25m41s801ms).
2019-02-17 08:20:28.345  WARN 51123 --- [HikariPool-1 housekeeper] com.zaxxer.hikari.pool.HikariPool        : HikariPool-1 - Thread starvation or clock leap detected (housekeeper delta=1h30m5s451ms).
2019-02-17 08:32:49.966  WARN 51123 --- [HikariPool-1 housekeeper] com.zaxxer.hikari.pool.HikariPool        : HikariPool-1 - Thread starvation or clock leap detected (housekeeper delta=10m50s804ms).
2019-02-17 08:40:22.248  WARN 51123 --- [HikariPool-1 housekeeper] com.zaxxer.hikari.pool.HikariPool        : HikariPool-1 - Thread starvation or clock leap detected (housekeeper delta=7m32s281ms).
2019-02-17 08:41:22.166  WARN 51123 --- [HikariPool-1 housekeeper] com.zaxxer.hikari.pool.HikariPool        : HikariPool-1 - Retrograde clock change detected (housekeeper delta=29s830ms), soft-evicting connections from pool.
2019-02-17 08:50:01.944  WARN 51123 --- [HikariPool-1 housekeeper] com.zaxxer.hikari.pool.HikariPool        : HikariPool-1 - Thread starvation or clock leap detected (housekeeper delta=8m9s763ms).
2019-02-17 09:44:59.351  WARN 51123 --- [HikariPool-1 housekeeper] com.zaxxer.hikari.pool.HikariPool        : HikariPool-1 - Thread starvation or clock leap detected (housekeeper delta=54m57s406ms).
2019-02-17 09:45:59.200  WARN 51123 --- [HikariPool-1 housekeeper] com.zaxxer.hikari.pool.HikariPool        : HikariPool-1 - Retrograde clock change detected (housekeeper delta=29s811ms), soft-evicting connections from pool.
2019-02-17 09:59:05.023  WARN 51123 --- [HikariPool-1 housekeeper] com.zaxxer.hikari.pool.HikariPool        : HikariPool-1 - Thread starvation or clock leap detected (housekeeper delta=12m35s807ms).
2019-02-17 10:05:59.207  WARN 51123 --- [HikariPool-1 housekeeper] com.zaxxer.hikari.pool.HikariPool        : HikariPool-1 - Thread starvation or clock leap detected (housekeeper delta=6m54s183ms).
2019-02-17 10:06:47.037  WARN 51123 --- [HikariPool-1 housekeeper] com.zaxxer.hikari.pool.HikariPool        : HikariPool-1 - Thread starvation or clock leap detected (housekeeper delta=47s830ms).
2019-02-17 10:13:54.353  WARN 51123 --- [HikariPool-1 housekeeper] com.zaxxer.hikari.pool.HikariPool        : HikariPool-1 - Thread starvation or clock leap detected (housekeeper delta=49s161ms).
2019-02-17 10:21:04.263  WARN 51123 --- [HikariPool-1 housekeeper] com.zaxxer.hikari.pool.HikariPool        : HikariPool-1 - Thread starvation or clock leap detected (housekeeper delta=52s66ms).
2019-02-17 10:25:18.357  WARN 51123 --- [HikariPool-1 housekeeper] com.zaxxer.hikari.pool.HikariPool        : HikariPool-1 - Thread starvation or clock leap detected (housekeeper delta=50s867ms).
2019-02-17 10:38:14.743  WARN 51123 --- [HikariPool-1 housekeeper] com.zaxxer.hikari.pool.HikariPool        : HikariPool-1 - Thread starvation or clock leap detected (housekeeper delta=47s600ms).
2019-02-17 10:45:22.690  WARN 51123 --- [HikariPool-1 housekeeper] com.zaxxer.hikari.pool.HikariPool        : HikariPool-1 - Thread starvation or clock leap detected (housekeeper delta=50s638ms).
2019-02-17 10:49:37.738  WARN 51123 --- [HikariPool-1 housekeeper] com.zaxxer.hikari.pool.HikariPool        : HikariPool-1 - Thread starvation or clock leap detected (housekeeper delta=51s121ms).
2019-02-17 10:56:45.685  WARN 51123 --- [HikariPool-1 housekeeper] com.zaxxer.hikari.pool.HikariPool        : HikariPool-1 - Thread starvation or clock leap detected (housekeeper delta=50s631ms).
2019-02-17 11:00:59.725  WARN 51123 --- [HikariPool-1 housekeeper] com.zaxxer.hikari.pool.HikariPool        : HikariPool-1 - Thread starvation or clock leap detected (housekeeper delta=50s535ms).
2019-02-17 11:05:15.318  WARN 51123 --- [HikariPool-1 housekeeper] com.zaxxer.hikari.pool.HikariPool        : HikariPool-1 - Thread starvation or clock leap detected (housekeeper delta=51s620ms).
2019-02-17 11:12:21.279  WARN 51123 --- [HikariPool-1 housekeeper] com.zaxxer.hikari.pool.HikariPool        : HikariPool-1 - Thread starvation or clock leap detected (housekeeper delta=47s384ms).
2019-02-17 13:48:55.899  WARN 51123 --- [HikariPool-1 housekeeper] com.zaxxer.hikari.pool.HikariPool        : HikariPool-1 - Thread starvation or clock leap detected (housekeeper delta=2h30m16s509ms).
2019-02-17 13:54:20.581  WARN 51123 --- [HikariPool-1 housekeeper] com.zaxxer.hikari.pool.HikariPool        : HikariPool-1 - Thread starvation or clock leap detected (housekeeper delta=2m24s583ms).
2019-02-17 14:07:35.832  WARN 51123 --- [HikariPool-1 housekeeper] com.zaxxer.hikari.pool.HikariPool        : HikariPool-1 - Thread starvation or clock leap detected (housekeeper delta=13m15s252ms).
2019-02-17 14:15:02.562  WARN 51123 --- [HikariPool-1 housekeeper] com.zaxxer.hikari.pool.HikariPool        : HikariPool-1 - Thread starvation or clock leap detected (housekeeper delta=7m26s730ms).
2019-02-17 14:20:06.875  WARN 51123 --- [HikariPool-1 housekeeper] com.zaxxer.hikari.pool.HikariPool        : HikariPool-1 - Thread starvation or clock leap detected (housekeeper delta=4m34s301ms).
2019-02-17 14:26:06.258  WARN 51123 --- [HikariPool-1 housekeeper] com.zaxxer.hikari.pool.HikariPool        : HikariPool-1 - Thread starvation or clock leap detected (housekeeper delta=5m59s383ms).
2019-02-17 14:27:00.568  WARN 51123 --- [HikariPool-1 housekeeper] com.zaxxer.hikari.pool.HikariPool        : HikariPool-1 - Thread starvation or clock leap detected (housekeeper delta=54s310ms).
2019-02-17 14:27:49.870  WARN 51123 --- [HikariPool-1 housekeeper] com.zaxxer.hikari.pool.HikariPool        : HikariPool-1 - Thread starvation or clock leap detected (housekeeper delta=49s302ms).
2019-02-17 14:29:36.237  WARN 51123 --- [HikariPool-1 housekeeper] com.zaxxer.hikari.pool.HikariPool        : HikariPool-1 - Thread starvation or clock leap detected (housekeeper delta=1m16s358ms).
2019-02-17 14:37:24.619  WARN 51123 --- [HikariPool-1 housekeeper] com.zaxxer.hikari.pool.HikariPool        : HikariPool-1 - Thread starvation or clock leap detected (housekeeper delta=7m48s382ms).
2019-02-17 15:08:03.966  INFO 51123 --- [Thread-12] o.s.s.concurrent.ThreadPoolTaskExecutor  : Shutting down ExecutorService 'applicationTaskExecutor'
2019-02-17 15:08:03.974  INFO 51123 --- [Thread-12] j.LocalContainerEntityManagerFactoryBean : Closing JPA EntityManagerFactory for persistence unit 'default'
2019-02-17 15:08:03.993  INFO 51123 --- [Thread-12] com.zaxxer.hikari.HikariDataSource       : HikariPool-1 - Shutdown initiated...
2019-02-17 15:08:04.002  INFO 51123 --- [Thread-12] com.zaxxer.hikari.HikariDataSource       : HikariPool-1 - Shutdown completed.
2019-02-17 15:08:11.293  INFO 53296 --- [restartedMain] c.y.s.SpringBootDemoApplication          : Starting SpringBootDemoApplication on hakutekiMacBook-Pro.local with PID 53296 (/Users/zhangyubo/Desktop/spring-mvc-examples/spring-boot-demo/target/classes started by zhangyubo in /Users/zhangyubo/Desktop/spring-mvc-examples/spring-boot-demo)
2019-02-17 15:08:11.296  INFO 53296 --- [restartedMain] c.y.s.SpringBootDemoApplication          : The following profiles are active: dev
2019-02-17 15:08:11.352  INFO 53296 --- [restartedMain] .e.DevToolsPropertyDefaultsPostProcessor : Devtools property defaults active! Set 'spring.devtools.add-properties' to 'false' to disable
2019-02-17 15:08:11.352  INFO 53296 --- [restartedMain] .e.DevToolsPropertyDefaultsPostProcessor : For additional web related logging consider setting the 'logging.level.web' property to 'DEBUG'
2019-02-17 15:08:12.169  INFO 53296 --- [restartedMain] .s.d.r.c.RepositoryConfigurationDelegate : Bootstrapping Spring Data repositories in DEFAULT mode.
2019-02-17 15:08:12.231  INFO 53296 --- [restartedMain] .s.d.r.c.RepositoryConfigurationDelegate : Finished Spring Data repository scanning in 54ms. Found 1 repository interfaces.
2019-02-17 15:08:12.577  INFO 53296 --- [restartedMain] trationDelegate$BeanPostProcessorChecker : Bean 'org.springframework.transaction.annotation.ProxyTransactionManagementConfiguration' of type [org.springframework.transaction.annotation.ProxyTransactionManagementConfiguration$$EnhancerBySpringCGLIB$$d5476323] is not eligible for getting processed by all BeanPostProcessors (for example: not eligible for auto-proxying)
2019-02-17 15:08:12.995  INFO 53296 --- [restartedMain] o.s.b.w.embedded.tomcat.TomcatWebServer  : Tomcat initialized with port(s): 8080 (http)
2019-02-17 15:08:13.020  INFO 53296 --- [restartedMain] o.apache.catalina.core.StandardService   : Starting service [Tomcat]
2019-02-17 15:08:13.020  INFO 53296 --- [restartedMain] org.apache.catalina.core.StandardEngine  : Starting Servlet engine: [Apache Tomcat/9.0.14]
2019-02-17 15:08:13.028  INFO 53296 --- [restartedMain] o.a.catalina.core.AprLifecycleListener   : The APR based Apache Tomcat Native library which allows optimal performance in production environments was not found on the java.library.path: [/Users/zhangyubo/Library/Java/Extensions:/Library/Java/Extensions:/Network/Library/Java/Extensions:/System/Library/Java/Extensions:/usr/lib/java:.]
2019-02-17 15:08:13.144  INFO 53296 --- [restartedMain] o.a.c.c.C.[Tomcat].[localhost].[/]       : Initializing Spring embedded WebApplicationContext
2019-02-17 15:08:13.144  INFO 53296 --- [restartedMain] o.s.web.context.ContextLoader            : Root WebApplicationContext: initialization completed in 1792 ms
2019-02-17 15:08:13.324  INFO 53296 --- [restartedMain] com.zaxxer.hikari.HikariDataSource       : HikariPool-1 - Starting...
2019-02-17 15:08:13.530  INFO 53296 --- [restartedMain] com.zaxxer.hikari.HikariDataSource       : HikariPool-1 - Start completed.
2019-02-17 15:08:13.603  INFO 53296 --- [restartedMain] o.hibernate.jpa.internal.util.LogHelper  : HHH000204: Processing PersistenceUnitInfo [
	name: default
	...]
2019-02-17 15:08:13.687  INFO 53296 --- [restartedMain] org.hibernate.Version                    : HHH000412: Hibernate Core {5.3.7.Final}
2019-02-17 15:08:13.689  INFO 53296 --- [restartedMain] org.hibernate.cfg.Environment            : HHH000206: hibernate.properties not found
2019-02-17 15:08:13.863  INFO 53296 --- [restartedMain] o.hibernate.annotations.common.Version   : HCANN000001: Hibernate Commons Annotations {5.0.4.Final}
2019-02-17 15:08:14.016  INFO 53296 --- [restartedMain] org.hibernate.dialect.Dialect            : HHH000400: Using dialect: org.hibernate.dialect.MySQL5Dialect
2019-02-17 15:08:14.580  INFO 53296 --- [restartedMain] j.LocalContainerEntityManagerFactoryBean : Initialized JPA EntityManagerFactory for persistence unit 'default'
2019-02-17 15:08:14.634  INFO 53296 --- [restartedMain] o.s.b.d.a.OptionalLiveReloadServer       : LiveReload server is running on port 35729
2019-02-17 15:08:14.946  INFO 53296 --- [restartedMain] o.h.h.i.QueryTranslatorFactoryInitiator  : HHH000397: Using ASTQueryTranslatorFactory
2019-02-17 15:08:15.231  INFO 53296 --- [restartedMain] o.s.s.concurrent.ThreadPoolTaskExecutor  : Initializing ExecutorService 'applicationTaskExecutor'
2019-02-17 15:08:15.267  WARN 53296 --- [restartedMain] aWebConfiguration$JpaWebMvcConfiguration : spring.jpa.open-in-view is enabled by default. Therefore, database queries may be performed during view rendering. Explicitly configure spring.jpa.open-in-view to disable this warning
2019-02-17 15:08:15.478  INFO 53296 --- [restartedMain] o.s.b.w.embedded.tomcat.TomcatWebServer  : Tomcat started on port(s): 8080 (http) with context path ''
2019-02-17 15:08:15.480  INFO 53296 --- [restartedMain] c.y.s.SpringBootDemoApplication          : Started SpringBootDemoApplication in 4.792 seconds (JVM running for 5.8)
2019-02-17 15:09:21.414  INFO 53296 --- [Thread-13] o.s.s.concurrent.ThreadPoolTaskExecutor  : Shutting down ExecutorService 'applicationTaskExecutor'
2019-02-17 15:09:21.416  INFO 53296 --- [Thread-13] j.LocalContainerEntityManagerFactoryBean : Closing JPA EntityManagerFactory for persistence unit 'default'
2019-02-17 15:09:21.421  INFO 53296 --- [Thread-13] com.zaxxer.hikari.HikariDataSource       : HikariPool-1 - Shutdown initiated...
2019-02-17 15:09:21.426  INFO 53296 --- [Thread-13] com.zaxxer.hikari.HikariDataSource       : HikariPool-1 - Shutdown completed.
2019-02-17 15:09:21.711  INFO 53296 --- [restartedMain] c.y.s.SpringBootDemoApplication          : Starting SpringBootDemoApplication on hakutekiMacBook-Pro.local with PID 53296 (/Users/zhangyubo/Desktop/spring-mvc-examples/spring-boot-demo/target/classes started by zhangyubo in /Users/zhangyubo/Desktop/spring-mvc-examples/spring-boot-demo)
2019-02-17 15:09:21.711  INFO 53296 --- [restartedMain] c.y.s.SpringBootDemoApplication          : The following profiles are active: dev
2019-02-17 15:09:21.867  INFO 53296 --- [restartedMain] .s.d.r.c.RepositoryConfigurationDelegate : Bootstrapping Spring Data repositories in DEFAULT mode.
2019-02-17 15:09:21.873  INFO 53296 --- [restartedMain] .s.d.r.c.RepositoryConfigurationDelegate : Finished Spring Data repository scanning in 5ms. Found 1 repository interfaces.
2019-02-17 15:09:21.916  INFO 53296 --- [restartedMain] trationDelegate$BeanPostProcessorChecker : Bean 'org.springframework.transaction.annotation.ProxyTransactionManagementConfiguration' of type [org.springframework.transaction.annotation.ProxyTransactionManagementConfiguration$$EnhancerBySpringCGLIB$$d5476323] is not eligible for getting processed by all BeanPostProcessors (for example: not eligible for auto-proxying)
2019-02-17 15:09:22.012  INFO 53296 --- [restartedMain] o.s.b.w.embedded.tomcat.TomcatWebServer  : Tomcat initialized with port(s): 8080 (http)
2019-02-17 15:09:22.014  INFO 53296 --- [restartedMain] o.apache.catalina.core.StandardService   : Starting service [Tomcat]
2019-02-17 15:09:22.014  INFO 53296 --- [restartedMain] org.apache.catalina.core.StandardEngine  : Starting Servlet engine: [Apache Tomcat/9.0.14]
2019-02-17 15:09:22.025  INFO 53296 --- [restartedMain] o.a.c.c.C.[Tomcat].[localhost].[/]       : Initializing Spring embedded WebApplicationContext
2019-02-17 15:09:22.025  INFO 53296 --- [restartedMain] o.s.web.context.ContextLoader            : Root WebApplicationContext: initialization completed in 312 ms
2019-02-17 15:09:22.083  INFO 53296 --- [restartedMain] com.zaxxer.hikari.HikariDataSource       : HikariPool-2 - Starting...
2019-02-17 15:09:22.090  INFO 53296 --- [restartedMain] com.zaxxer.hikari.HikariDataSource       : HikariPool-2 - Start completed.
2019-02-17 15:09:22.097  INFO 53296 --- [restartedMain] o.hibernate.jpa.internal.util.LogHelper  : HHH000204: Processing PersistenceUnitInfo [
	name: default
	...]
2019-02-17 15:09:22.105  INFO 53296 --- [restartedMain] org.hibernate.dialect.Dialect            : HHH000400: Using dialect: org.hibernate.dialect.MySQL5Dialect
2019-02-17 15:09:22.188  INFO 53296 --- [restartedMain] j.LocalContainerEntityManagerFactoryBean : Initialized JPA EntityManagerFactory for persistence unit 'default'
2019-02-17 15:09:22.239  INFO 53296 --- [restartedMain] o.s.b.d.a.OptionalLiveReloadServer       : LiveReload server is running on port 35729
2019-02-17 15:09:22.275  INFO 53296 --- [restartedMain] o.h.h.i.QueryTranslatorFactoryInitiator  : HHH000397: Using ASTQueryTranslatorFactory
2019-02-17 15:09:22.373  INFO 53296 --- [restartedMain] o.s.s.concurrent.ThreadPoolTaskExecutor  : Initializing ExecutorService 'applicationTaskExecutor'
2019-02-17 15:09:22.382  WARN 53296 --- [restartedMain] aWebConfiguration$JpaWebMvcConfiguration : spring.jpa.open-in-view is enabled by default. Therefore, database queries may be performed during view rendering. Explicitly configure spring.jpa.open-in-view to disable this warning
2019-02-17 15:09:22.517  INFO 53296 --- [restartedMain] o.s.b.w.embedded.tomcat.TomcatWebServer  : Tomcat started on port(s): 8080 (http) with context path ''
2019-02-17 15:09:22.518  INFO 53296 --- [restartedMain] c.y.s.SpringBootDemoApplication          : Started SpringBootDemoApplication in 0.832 seconds (JVM running for 72.834)
2019-02-17 15:09:22.521  INFO 53296 --- [restartedMain] .ConditionEvaluationDeltaLoggingListener : Condition evaluation unchanged
2019-02-17 15:40:02.095  INFO 53296 --- [Thread-28] o.s.s.concurrent.ThreadPoolTaskExecutor  : Shutting down ExecutorService 'applicationTaskExecutor'
2019-02-17 15:40:02.099  INFO 53296 --- [Thread-28] j.LocalContainerEntityManagerFactoryBean : Closing JPA EntityManagerFactory for persistence unit 'default'
2019-02-17 15:40:02.103  INFO 53296 --- [Thread-28] com.zaxxer.hikari.HikariDataSource       : HikariPool-2 - Shutdown initiated...
2019-02-17 15:40:02.109  INFO 53296 --- [Thread-28] com.zaxxer.hikari.HikariDataSource       : HikariPool-2 - Shutdown completed.
2019-02-17 15:40:07.818  INFO 53505 --- [restartedMain] c.y.s.SpringBootDemoApplication          : Starting SpringBootDemoApplication on hakutekiMacBook-Pro.local with PID 53505 (/Users/zhangyubo/Desktop/spring-mvc-examples/spring-boot-demo/target/classes started by zhangyubo in /Users/zhangyubo/Desktop/spring-mvc-examples/spring-boot-demo)
2019-02-17 15:40:07.822  INFO 53505 --- [restartedMain] c.y.s.SpringBootDemoApplication          : The following profiles are active: dev
2019-02-17 15:40:07.882  INFO 53505 --- [restartedMain] .e.DevToolsPropertyDefaultsPostProcessor : Devtools property defaults active! Set 'spring.devtools.add-properties' to 'false' to disable
2019-02-17 15:40:07.882  INFO 53505 --- [restartedMain] .e.DevToolsPropertyDefaultsPostProcessor : For additional web related logging consider setting the 'logging.level.web' property to 'DEBUG'
2019-02-17 15:40:08.636  INFO 53505 --- [restartedMain] .s.d.r.c.RepositoryConfigurationDelegate : Bootstrapping Spring Data repositories in DEFAULT mode.
2019-02-17 15:40:08.689  INFO 53505 --- [restartedMain] .s.d.r.c.RepositoryConfigurationDelegate : Finished Spring Data repository scanning in 46ms. Found 1 repository interfaces.
2019-02-17 15:40:09.095  INFO 53505 --- [restartedMain] trationDelegate$BeanPostProcessorChecker : Bean 'org.springframework.transaction.annotation.ProxyTransactionManagementConfiguration' of type [org.springframework.transaction.annotation.ProxyTransactionManagementConfiguration$$EnhancerBySpringCGLIB$$ca718124] is not eligible for getting processed by all BeanPostProcessors (for example: not eligible for auto-proxying)
2019-02-17 15:40:09.387  INFO 53505 --- [restartedMain] o.s.b.w.embedded.tomcat.TomcatWebServer  : Tomcat initialized with port(s): 8080 (http)
2019-02-17 15:40:09.403  INFO 53505 --- [restartedMain] o.apache.catalina.core.StandardService   : Starting service [Tomcat]
2019-02-17 15:40:09.404  INFO 53505 --- [restartedMain] org.apache.catalina.core.StandardEngine  : Starting Servlet engine: [Apache Tomcat/9.0.14]
2019-02-17 15:40:09.409  INFO 53505 --- [restartedMain] o.a.catalina.core.AprLifecycleListener   : The APR based Apache Tomcat Native library which allows optimal performance in production environments was not found on the java.library.path: [/Users/zhangyubo/Library/Java/Extensions:/Library/Java/Extensions:/Network/Library/Java/Extensions:/System/Library/Java/Extensions:/usr/lib/java:.]
2019-02-17 15:40:09.524  INFO 53505 --- [restartedMain] o.a.c.c.C.[Tomcat].[localhost].[/]       : Initializing Spring embedded WebApplicationContext
2019-02-17 15:40:09.524  INFO 53505 --- [restartedMain] o.s.web.context.ContextLoader            : Root WebApplicationContext: initialization completed in 1641 ms
2019-02-17 15:40:09.658  INFO 53505 --- [restartedMain] com.zaxxer.hikari.HikariDataSource       : HikariPool-1 - Starting...
2019-02-17 15:40:09.880  INFO 53505 --- [restartedMain] com.zaxxer.hikari.HikariDataSource       : HikariPool-1 - Start completed.
2019-02-17 15:40:09.916  INFO 53505 --- [restartedMain] o.hibernate.jpa.internal.util.LogHelper  : HHH000204: Processing PersistenceUnitInfo [
	name: default
	...]
2019-02-17 15:40:09.960  INFO 53505 --- [restartedMain] org.hibernate.Version                    : HHH000412: Hibernate Core {5.3.7.Final}
2019-02-17 15:40:09.961  INFO 53505 --- [restartedMain] org.hibernate.cfg.Environment            : HHH000206: hibernate.properties not found
2019-02-17 15:40:10.059  INFO 53505 --- [restartedMain] o.hibernate.annotations.common.Version   : HCANN000001: Hibernate Commons Annotations {5.0.4.Final}
2019-02-17 15:40:10.181  INFO 53505 --- [restartedMain] org.hibernate.dialect.Dialect            : HHH000400: Using dialect: org.hibernate.dialect.MySQL5Dialect
2019-02-17 15:40:10.625  INFO 53505 --- [restartedMain] j.LocalContainerEntityManagerFactoryBean : Initialized JPA EntityManagerFactory for persistence unit 'default'
2019-02-17 15:40:10.660  INFO 53505 --- [restartedMain] o.s.b.d.a.OptionalLiveReloadServer       : LiveReload server is running on port 35729
2019-02-17 15:40:10.931  INFO 53505 --- [restartedMain] o.h.h.i.QueryTranslatorFactoryInitiator  : HHH000397: Using ASTQueryTranslatorFactory
2019-02-17 15:40:11.167  INFO 53505 --- [restartedMain] o.s.s.concurrent.ThreadPoolTaskExecutor  : Initializing ExecutorService 'applicationTaskExecutor'
2019-02-17 15:40:11.201  WARN 53505 --- [restartedMain] aWebConfiguration$JpaWebMvcConfiguration : spring.jpa.open-in-view is enabled by default. Therefore, database queries may be performed during view rendering. Explicitly configure spring.jpa.open-in-view to disable this warning
2019-02-17 15:40:11.415  INFO 53505 --- [restartedMain] o.s.b.w.embedded.tomcat.TomcatWebServer  : Tomcat started on port(s): 8080 (http) with context path ''
2019-02-17 15:40:11.418  INFO 53505 --- [restartedMain] c.y.s.SpringBootDemoApplication          : Started SpringBootDemoApplication in 4.12 seconds (JVM running for 5.093)
2019-02-17 15:40:27.802  INFO 53505 --- [http-nio-8080-exec-1] o.a.c.c.C.[Tomcat].[localhost].[/]       : Initializing Spring DispatcherServlet 'dispatcherServlet'
2019-02-17 15:40:27.802  INFO 53505 --- [http-nio-8080-exec-1] o.s.web.servlet.DispatcherServlet        : Initializing Servlet 'dispatcherServlet'
2019-02-17 15:40:27.812  INFO 53505 --- [http-nio-8080-exec-1] o.s.web.servlet.DispatcherServlet        : Completed initialization in 9 ms
